2026-04-22 15:22:05.351 [main] INFO  utils.LoggerUtil - Starting test setup
2026-04-22 15:22:05.362 [main] INFO  utils.LoggerUtil - Initializing WebDriver for browser: chrome
2026-04-22 15:22:49.558 [main] INFO  utils.LoggerUtil - WebDriver initialized successfully for browser: chrome
2026-04-22 15:22:49.600 [main] INFO  utils.LoggerUtil - Starting invalid login test
2026-04-22 15:23:10.486 [main] INFO  utils.LoggerUtil - Starting test teardown
2026-04-22 15:23:10.658 [main] INFO  utils.LoggerUtil - WebDriver closed successfully
2026-04-22 15:23:10.662 [main] INFO  utils.LoggerUtil - Starting test setup
2026-04-22 15:23:10.663 [main] INFO  utils.LoggerUtil - Initializing WebDriver for browser: chrome
2026-04-22 15:23:12.029 [main] INFO  utils.LoggerUtil - WebDriver initialized successfully for browser: chrome
2026-04-22 15:23:12.034 [main] INFO  utils.LoggerUtil - Starting valid login test
2026-04-22 15:23:59.124 [main] INFO  utils.LoggerUtil - Starting test teardown
2026-04-22 15:23:59.301 [main] INFO  utils.LoggerUtil - WebDriver closed successfully
2026-04-22 15:30:30.388 [main] INFO  utils.LoggerUtil - Starting test setup
2026-04-22 15:30:30.394 [main] INFO  utils.LoggerUtil - Initializing WebDriver for browser: chrome
2026-04-22 15:30:39.377 [main] INFO  utils.LoggerUtil - WebDriver initialized successfully for browser: chrome
2026-04-22 15:30:39.397 [main] INFO  utils.LoggerUtil - Starting invalid login test
2026-04-22 15:31:10.659 [main] INFO  utils.LoggerUtil - Starting test teardown
2026-04-22 15:31:10.845 [main] INFO  utils.LoggerUtil - WebDriver closed successfully
2026-04-22 15:31:10.848 [main] INFO  utils.LoggerUtil - Starting test setup
2026-04-22 15:31:10.848 [main] INFO  utils.LoggerUtil - Initializing WebDriver for browser: chrome
2026-04-22 15:31:11.829 [main] INFO  utils.LoggerUtil - WebDriver initialized successfully for browser: chrome
2026-04-22 15:31:11.831 [main] INFO  utils.LoggerUtil - Starting valid login test
2026-04-22 15:31:30.902 [main] INFO  utils.LoggerUtil - Starting test teardown
2026-04-22 15:31:31.061 [main] INFO  utils.LoggerUtil - WebDriver closed successfully
